2024-09-26 01:30:32,555 - INFO - Moved R01_017_V5_PS3_fixed to train
2024-09-26 01:30:32,558 - INFO - Moved R01_009_V4_PS4_fixed to train
2024-09-26 01:30:32,562 - INFO - Moved R01_001_V2_PS1_fixed to train
2024-09-26 01:30:32,565 - INFO - Moved R01_001_V3_PS4_fixed to train
2024-09-26 01:30:32,569 - INFO - Moved R01_005_V4_PS2_fixed to train
2024-09-26 01:30:32,572 - INFO - Moved R01_023_V4_PS1_fixed to train
2024-09-26 01:30:32,574 - INFO - Moved R01_004_V2_PS2_fixed to train
2024-09-26 01:30:32,578 - INFO - Moved R01_026_V3_PS3_fixed to train
2024-09-26 01:30:32,581 - INFO - Moved R01_030_V4_PS2_fixed to train
2024-09-26 01:30:32,584 - INFO - Moved R01_031_V4_PS4_fixed to train
2024-09-26 01:30:32,587 - INFO - Moved R01_035_V2_PS4_fixed to train
2024-09-26 01:30:32,590 - INFO - Moved R01_037_V5_PS3_fixed to train
2024-09-26 01:30:32,593 - INFO - Moved R01_038_V3_PS1_fixed to train
2024-09-26 01:30:32,596 - INFO - Moved R01_052_V2_PS1_fixed to train
2024-09-26 01:30:32,600 - INFO - Moved R01_069_V3_PS4_fixed to train
2024-09-26 01:30:32,603 - INFO - Moved R01_070_V2_PS2_fixed to train
2024-09-26 01:30:32,606 - INFO - Moved R01_072_V4_PS2_fixed to train
2024-09-26 01:30:32,609 - INFO - Moved R01_073_V4_PS1_fixed to train
2024-09-26 01:30:32,612 - INFO - Moved R01_089_V2_PS4_fixed to train
2024-09-26 01:30:32,615 - INFO - Moved R01_090_V5_PS1_fixed to train
2024-09-26 01:30:32,618 - INFO - Moved R01_093_V2_PS2_fixed to train
2024-09-26 01:30:32,621 - INFO - Moved R01_093_V3_PS3_fixed to train
2024-09-26 01:30:32,624 - INFO - Moved R01_101_V3_PS3_fixed to train
2024-09-26 01:30:32,626 - INFO - Moved R01_107_V4_PS4_fixed to train
2024-09-26 01:30:32,629 - INFO - Moved R01_110_V3_PS1_fixed to train
2024-09-26 01:30:32,646 - INFO - Moved R01_112_V3_PS1_fixed to train
2024-09-26 01:30:32,649 - INFO - Moved R01_115_V4_PS1_fixed to train
2024-09-26 01:30:32,652 - INFO - Moved R01_116_V2_PS3_fixed to train
2024-09-26 01:30:32,655 - INFO - Moved R01_122_V2_PS3_fixed to train
2024-09-26 01:30:32,658 - INFO - Moved R01_118_V3_PS4_fixed to train
2024-09-26 01:30:32,661 - INFO - Moved R01_127_V4_PS1_fixed to train
2024-09-26 01:30:32,664 - INFO - Moved R01_128_V5_PS4_fixed to train
2024-09-26 01:30:32,667 - INFO - Moved R01_094_V4_PS2_fixed to train
2024-09-26 01:30:32,670 - INFO - Moved R01_093_V4_PS4_fixed to train
2024-09-26 01:30:32,673 - INFO - Moved R01_076_V2_PS4_fixed to train
2024-09-26 01:30:32,676 - INFO - Moved R01_071_V5_PS1_fixed to train
2024-09-26 01:30:32,679 - INFO - Moved R01_058_V2_PS4_fixed to train
2024-09-26 01:30:32,682 - INFO - Moved R01_028_V4_PS2_fixed to train
2024-09-26 01:30:32,685 - INFO - Moved R01_003_V4_PS1_fixed to train
2024-09-26 01:30:32,688 - INFO - Moved R01_082_V2_PS3_fixed to train
2024-09-26 01:30:32,691 - INFO - Moved R01_048_V2_PS2_fixed to train
2024-09-26 01:30:32,694 - INFO - Moved R01_035_V3_PS1_fixed to train
2024-09-26 01:30:32,697 - INFO - Moved R01_133_V4_PS4_fixed to train
2024-09-26 01:30:32,704 - INFO - Moved R01_049_V5_PS3_fixed to train
2024-09-26 01:30:32,707 - INFO - Moved R01_113_V4_PS2_fixed to train
2024-09-26 01:30:32,710 - INFO - Moved R01_128_V3_PS2 _fixed to train
2024-09-26 01:30:32,714 - INFO - Moved R01_019_V4_PS1_fixed to train
2024-09-26 01:30:32,717 - INFO - Moved R01_018_V3_PS3_fixed to train
2024-09-26 01:30:32,720 - INFO - Moved R01_089_V5_PS3_fixed to train
2024-09-26 01:30:32,723 - INFO - Moved R01_123_V3_PS1_fixed to train
2024-09-26 01:30:32,727 - INFO - Moved R01_048_V4_PS4_fixed to train
2024-09-26 01:30:32,733 - INFO - Moved R01_124_V4_PS2_fixed to train
2024-09-26 01:30:32,736 - INFO - Moved R01_045_V2_PS3_fixed to train
2024-09-26 01:30:32,739 - INFO - Moved R01_104_V3_PS4_fixed to train
2024-09-26 01:30:32,742 - INFO - Moved R01_040_V3_PS4_fixed to train
2024-09-26 01:30:32,745 - INFO - Moved R01_019_V3_PS4_fixed to train
2024-09-26 01:30:32,748 - INFO - Moved R01_090_V4_PS4_fixed to train
2024-09-26 01:30:32,751 - INFO - Moved R01_119_V3_PS1_fixed to train
2024-09-26 01:30:32,754 - INFO - Moved R01_043_V4_PS1_fixed to train
2024-09-26 01:30:32,756 - INFO - Moved R01_111_V2_PS3_fixed to train
2024-09-26 01:30:32,760 - INFO - Moved R01_075_V3_PS4_fixed to train
2024-09-26 01:30:32,763 - INFO - Moved R01_119_V5_PS3_fixed to train
2024-09-26 01:30:32,765 - INFO - Moved R01_130_V3_PS1_fixed to train
2024-09-26 01:30:32,769 - INFO - Moved R01_117_V5_PS1_fixed to train
2024-09-26 01:30:32,771 - INFO - Moved R01_017_V4_PS2_fixed to train
2024-09-26 01:30:32,775 - INFO - Moved R01_118_V2_PS1_fixed to train
2024-09-26 01:30:32,778 - INFO - Moved R01_038_V4_PS2_fixed to train
2024-09-26 01:30:32,781 - INFO - Moved R01_074_V2_PS4_fixed to train
2024-09-26 01:30:32,784 - INFO - Moved R01_020_V3_PS1_fixed to train
2024-09-26 01:30:32,787 - INFO - Moved R01_018_V4_PS4_fixed to train
2024-09-26 01:30:32,790 - INFO - Moved R01_109_V5_PS1_fixed to train
2024-09-26 01:30:32,793 - INFO - Moved R01_056_V4_PS2_fixed to train
2024-09-26 01:30:32,796 - INFO - Moved R01_119_V2_PS4_fixed to train
2024-09-26 01:30:32,800 - INFO - Moved R01_083_V4_PS2_fixed to train
2024-09-26 01:30:32,803 - INFO - Moved R01_124_V5_PS3_fixed to train
2024-09-26 01:30:32,806 - INFO - Moved R01_019_V2_PS3_fixed to train
2024-09-26 01:30:32,809 - INFO - Moved R01_104_V5_PS3_fixed to train
2024-09-26 01:30:32,812 - INFO - Moved R01_104_V4_PS2_fixed to train
2024-09-26 01:30:32,815 - INFO - Moved R01_031_V5_PS1_fixed to train
2024-09-26 01:30:32,818 - INFO - Moved R01_037_V3_PS4_fixed to train
2024-09-26 01:30:32,821 - INFO - Moved R01_089_V3_PS1_fixed to train
2024-09-26 01:30:32,824 - INFO - Moved R01_072_V3_PS1_fixed to train
2024-09-26 01:30:32,827 - INFO - Moved R01_002_V2_PS2_fixed to train
2024-09-26 01:30:32,831 - INFO - Moved R01_030_V2_PS1_fixed to train
2024-09-26 01:30:32,834 - INFO - Moved R01_045_V3_PS4_fixed to train
2024-09-26 01:30:32,838 - INFO - Moved R01_038_V2_PS4_fixed to train
2024-09-26 01:30:32,840 - INFO - Moved R01_003_V2_PS3_fixed to train
2024-09-26 01:30:32,844 - INFO - Moved R01_111_V5_PS2_fixed to train
2024-09-26 01:30:32,847 - INFO - Moved R01_071_V4_PS4_fixed to train
2024-09-26 01:30:32,852 - INFO - Moved R01_021_V2_PS2_fixed to train
2024-09-26 01:30:32,856 - INFO - Moved R01_023_V5_PS2_fixed to train
2024-09-26 01:30:32,860 - INFO - Moved R01_054_V3_PS3_fixed to train
2024-09-26 01:30:32,863 - INFO - Moved R01_105_V2_PS4_fixed to train
2024-09-26 01:30:32,866 - INFO - Moved R01_036_V3_PS4_fixed to train
2024-09-26 01:30:32,869 - INFO - Moved R01_047_V2_PS1_fixed to train
2024-09-26 01:30:32,872 - INFO - Moved R01_120_V5_PS3_fixed to train
2024-09-26 01:30:32,876 - INFO - Moved R01_021_V4_PS4_fixed to train
2024-09-26 01:30:32,878 - INFO - Moved R01_106_V4_PS1_fixed to train
2024-09-26 01:30:32,882 - INFO - Moved R01_043_V5_PS2_fixed to train
2024-09-26 01:30:32,885 - INFO - Moved R01_033_V4_PS1_fixed to train
2024-09-26 01:30:32,888 - INFO - Moved R01_036_V4_PS1_fixed to train
2024-09-26 01:30:32,891 - INFO - Moved R01_052_V3_PS4_fixed to train
2024-09-26 01:30:32,899 - INFO - Moved R01_009_V2_PS2_fixed to train
2024-09-26 01:30:32,902 - INFO - Moved R01_127_V5_PS4_fixed to train
2024-09-26 01:30:32,906 - INFO - Moved R01_009_V5_PS1_fixed to train
2024-09-26 01:30:32,909 - INFO - Moved R01_090_V2_PS2_fixed to train
2024-09-26 01:30:32,912 - INFO - Moved R01_039_V2_PS1_fixed to train
2024-09-26 01:30:32,915 - INFO - Moved R01_122_V4_PS1_fixed to train
2024-09-26 01:30:32,918 - INFO - Moved R01_055_V2_PS4_fixed to train
2024-09-26 01:30:32,921 - INFO - Moved R01_083_V3_PS1_fixed to train
2024-09-26 01:30:32,924 - INFO - Moved R01_125_V3_PS1_fixed to train
2024-09-26 01:30:32,927 - INFO - Moved R01_019_V5_PS2_fixed to train
2024-09-26 01:30:32,931 - INFO - Moved R01_117_V3_PS3_fixed to train
2024-09-26 01:30:32,933 - INFO - Moved R01_131_V3_PS2_fixed to train
2024-09-26 01:30:32,936 - INFO - Moved R01_125_V4_PS3_fixed to train
2024-09-26 01:30:32,939 - INFO - Moved R01_110_V2_PS2_fixed to train
2024-09-26 01:30:32,942 - INFO - Moved R01_096_V3_PS1_fixed to train
2024-09-26 01:30:32,945 - INFO - Moved R01_054_V4_PS4_fixed to train
2024-09-26 01:30:32,948 - INFO - Moved R01_114_V3_PS1_fixed to train
2024-09-26 01:30:32,952 - INFO - Moved R01_094_V5_PS3_fixed to train
2024-09-26 01:30:32,955 - INFO - Moved R01_052_V5_PS3_fixed to train
2024-09-26 01:30:32,958 - INFO - Moved R01_039_V5_PS3_fixed to train
2024-09-26 01:30:32,961 - INFO - Moved R01_126_V3_PS1_fixed to train
2024-09-26 01:30:32,965 - INFO - Moved R01_055_V4_PS2_fixed to train
2024-09-26 01:30:32,968 - INFO - Moved R01_109_V2_PS2_fixed to train
2024-09-26 01:30:32,971 - INFO - Moved R01_095_V4_PS1_fixed to train
2024-09-26 01:30:32,974 - INFO - Moved R01_007_V2_PS4_fixed to train
2024-09-26 01:30:32,977 - INFO - Moved R01_017_V2_PS4_fixed to train
2024-09-26 01:30:32,981 - INFO - Moved R01_001_V4_PS2_fixed to train
2024-09-26 01:30:32,984 - INFO - Moved R01_098_V5_PS2_fixed to train
2024-09-26 01:30:32,987 - INFO - Moved R01_075_V4_PS2_fixed to train
2024-09-26 01:30:32,990 - INFO - Moved R01_095_V5_PS2_fixed to train
2024-09-26 01:30:32,993 - INFO - Moved R01_129_V2_PS2_fixed to train
2024-09-26 01:30:32,996 - INFO - Moved R01_055_V3_PS1_fixed to train
2024-09-26 01:30:32,999 - INFO - Moved R01_007_V3_PS1_fixed to train
2024-09-26 01:30:33,002 - INFO - Moved R01_074_V3_PS1_fixed to train
2024-09-26 01:30:33,010 - INFO - Moved R01_047_V4_PS2_fixed to train
2024-09-26 01:30:33,013 - INFO - Moved R01_078_V3_PS3_fixed to train
2024-09-26 01:30:33,018 - INFO - Moved R01_127_V2_PS3_fixed to train
2024-09-26 01:30:33,021 - INFO - Moved R01_071_V2_PS2_fixed to train
2024-09-26 01:30:33,024 - INFO - Moved R01_070_V3_PS3_fixed to train
2024-09-26 01:30:33,027 - INFO - Moved R01_081_V2_PS3_fixed to train
2024-09-26 01:30:33,030 - INFO - Moved R01_109_V4_PS4_fixed to train
2024-09-26 01:30:33,033 - INFO - Moved R01_074_V5_PS3_fixed to train
2024-09-26 01:30:33,038 - INFO - Moved R01_101_V5_PS1_fixed to train
2024-09-26 01:30:33,041 - INFO - Moved R01_007_V5_PS3_fixed to train
2024-09-26 01:30:33,044 - INFO - Moved R01_125_V2_PS2_fixed to train
2024-09-26 01:30:33,047 - INFO - Moved R01_132_V3_PS3_fixed to train
2024-09-26 01:30:33,050 - INFO - Moved R01_105_V3_PS1_fixed to train
2024-09-26 01:30:33,054 - INFO - Moved R01_004_V5_PS1_fixed to train
2024-09-26 01:30:33,057 - INFO - Moved R01_028_V5_PS3_fixed to train
2024-09-26 01:30:33,060 - INFO - Moved R01_126_V5_PS4_fixed to train
2024-09-26 01:30:33,063 - INFO - Moved R01_083_V2_PS4_fixed to train
2024-09-26 01:30:33,067 - INFO - Moved R01_080_V3_PS4_fixed to train
2024-09-26 01:30:33,070 - INFO - Moved R01_018_V2_PS2_fixed to train
2024-09-26 01:30:33,074 - INFO - Moved R01_111_V3_PS4_fixed to train
2024-09-26 01:30:33,077 - INFO - Moved R01_129_V3_PS1_fixed to train
2024-09-26 01:30:33,080 - INFO - Moved R01_120_V4_PS2_fixed to train
2024-09-26 01:30:33,083 - INFO - Moved R01_118_V4_PS2_fixed to train
2024-09-26 01:30:33,087 - INFO - Moved R01_110_V4_PS3_fixed to train
2024-09-26 01:30:33,090 - INFO - Moved R01_096_V5_PS3_fixed to train
2024-09-26 01:30:33,093 - INFO - Moved R01_129_V5_PS4_fixed to train
2024-09-26 01:30:33,096 - INFO - Moved R01_006_V2_PS3_fixed to train
2024-09-26 01:30:33,100 - INFO - Moved R01_045_V5_PS2_fixed to train
2024-09-26 01:30:33,103 - INFO - Moved R01_133_V3_PS2_fixed to train
2024-09-26 01:30:33,106 - INFO - Moved R01_005_V5_PS3_fixed to train
2024-09-26 01:30:33,109 - INFO - Moved R01_054_V5_PS1_fixed to train
2024-09-26 01:30:33,112 - INFO - Moved R01_041_V3_PS4_fixed to train
2024-09-26 01:30:33,115 - INFO - Moved R01_119_V4_PS2_fixed to train
2024-09-26 01:30:33,119 - INFO - Moved R01_121_V3_PS3_fixed to train
2024-09-26 01:30:33,121 - INFO - Moved R01_084_V5_PS3_fixed to train
2024-09-26 01:30:33,125 - INFO - Moved R01_098_V4_PS1_fixed to train
2024-09-26 01:30:33,128 - INFO - Moved R01_006_V3_PS4_fixed to train
2024-09-26 01:30:33,131 - INFO - Moved R01_011_V5_PS2_fixed to train
2024-09-26 01:30:33,135 - INFO - Moved R01_077_V3_PS4_fixed to train
2024-09-26 01:30:33,138 - INFO - Moved R01_121_V4_PS4_fixed to train
2024-09-26 01:30:33,142 - INFO - Moved R01_095_V2_PS3_fixed to train
2024-09-26 01:30:33,145 - INFO - Moved R01_122_V3_PS4_fixed to train
2024-09-26 01:30:33,148 - INFO - Moved R01_124_V2_PS4_fixed to train
2024-09-26 01:30:33,151 - INFO - Moved R01_031_V3_PS3_fixed to train
2024-09-26 01:30:33,154 - INFO - Moved R01_103_V2_PS1_fixed to train
2024-09-26 01:30:33,157 - INFO - Moved R01_090_V3_PS3_fixed to train
2024-09-26 01:30:33,161 - INFO - Moved R01_123_V2_PS4_fixed to train
2024-09-26 01:30:33,164 - INFO - Moved R01_098_V2_PS3_fixed to train
2024-09-26 01:30:33,167 - INFO - Moved R01_132_V2_PS2_fixed to train
2024-09-26 01:30:33,171 - INFO - Moved R01_094_V2_PS1_fixed to train
2024-09-26 01:30:33,174 - INFO - Moved R01_131_V4_PS1_fixed to train
2024-09-26 01:30:33,177 - INFO - Moved R01_080_V4_PS2_fixed to train
2024-09-26 01:30:33,180 - INFO - Moved R01_070_V4_PS1_fixed to train
2024-09-26 01:30:33,183 - INFO - Moved R01_030_V5_PS3_fixed to train
2024-09-26 01:30:33,186 - INFO - Moved R01_057_V4_PS4_fixed to train
2024-09-26 01:30:33,189 - INFO - Moved R01_132_V5_PS1_fixed to train
2024-09-26 01:30:33,193 - INFO - Moved R01_057_V3_PS3_fixed to train
2024-09-26 01:30:33,196 - INFO - Moved R01_007_V4_PS2_fixed to train
2024-09-26 01:30:33,199 - INFO - Moved R01_040_V5_PS3_fixed to train
2024-09-26 01:30:33,202 - INFO - Moved R01_005_V2_PS1_fixed to train
2024-09-26 01:30:33,205 - INFO - Moved R01_039_V4_PS2_fixed to train
2024-09-26 01:30:33,209 - INFO - Moved R01_068_V3_PS4_fixed to train
2024-09-26 01:30:33,212 - INFO - Moved R01_117_V4_PS4_fixed to train
2024-09-26 01:30:33,215 - INFO - Moved R01_130_V2_PS2_fixed to train
2024-09-26 01:30:33,218 - INFO - Moved R01_106_V2_PS3_fixed to train
2024-09-26 01:30:33,221 - INFO - Moved R01_129_V4_PS3_fixed to train
2024-09-26 01:30:33,224 - INFO - Moved R01_006_V5_PS2_fixed to train
2024-09-26 01:30:33,227 - INFO - Moved R01_023_V2_PS3_fixed to train
2024-09-26 01:30:33,230 - INFO - Moved R01_037_V4_PS2_fixed to train
2024-09-26 01:30:33,234 - INFO - Moved R01_131_V5_PS4_fixed to train
2024-09-26 01:30:33,237 - INFO - Moved R01_073_V2_PS3_fixed to train
2024-09-26 01:30:33,240 - INFO - Moved R01_076_V3_PS1_fixed to train
2024-09-26 01:30:33,243 - INFO - Moved R01_052_V4_PS2_fixed to train
2024-09-26 01:30:33,246 - INFO - Moved R01_120_V3_PS4_fixed to train
2024-09-26 01:30:33,250 - INFO - Moved R01_038_V5_PS3_fixed to train
2024-09-26 01:30:33,253 - INFO - Moved R01_035_V5_PS3_fixed to train
2024-09-26 01:30:33,256 - INFO - Moved R01_049_V3_PS1_fixed to train
2024-09-26 01:30:33,259 - INFO - Moved R01_020_V5_PS3_fixed to train
2024-09-26 01:30:33,262 - INFO - Moved R01_114_V5_PS4_fixed to train
2024-09-26 01:30:33,266 - INFO - Moved R01_128_V2_PS3_fixed to train
2024-09-26 01:30:33,269 - INFO - Moved R01_115_V2_PS3_fixed to train
2024-09-26 01:30:33,273 - INFO - Moved R01_107_V2_PS2_fixed to train
2024-09-26 01:30:33,276 - INFO - Moved R01_048_V5_PS1_fixed to train
2024-09-26 01:30:33,279 - INFO - Moved R01_105_V5_PS3_fixed to train
2024-09-26 01:30:33,282 - INFO - Moved R01_126_V4_PS3_fixed to train
2024-09-26 01:30:33,286 - INFO - Moved R01_051_V5_PS2_fixed to train
2024-09-26 01:30:33,290 - INFO - Moved R01_121_V2_PS2_fixed to train
2024-09-26 01:30:33,293 - INFO - Moved R01_057_V5_PS1_fixed to train
2024-09-26 01:30:33,300 - INFO - Moved R01_004_V4_PS4_fixed to train
2024-09-26 01:30:33,303 - INFO - Moved R01_022_V5_PS1_fixed to train
2024-09-26 01:30:33,306 - INFO - Moved R01_106_V5_PS2_fixed to train
2024-09-26 01:30:33,310 - INFO - Moved R01_107_V3_PS3_fixed to train
2024-09-26 01:30:33,313 - INFO - Moved R01_002_V3_PS3_fixed to train
2024-09-26 01:30:33,316 - INFO - Moved R01_071_V3_PS3_fixed to train
2024-09-26 01:30:33,319 - INFO - Moved R01_023_V3_PS4_fixed to train
2024-09-26 01:30:33,322 - INFO - Moved R01_068_V2_PS1_fixed to train
2024-09-26 01:30:33,326 - INFO - Moved R01_126_V2_PS2_fixed to train
2024-09-26 01:30:33,331 - INFO - Moved R01_121_V5_PS1_fixed to train
2024-09-26 01:30:33,335 - INFO - Moved R01_113_V2_PS1_fixed to train
2024-09-26 01:30:33,338 - INFO - Moved R01_080_V2_PS1_fixed to train
2024-09-26 01:30:33,342 - INFO - Moved R01_112_V5_PS3_fixed to train
2024-09-26 01:30:33,345 - INFO - Moved R01_116_V3_PS4_fixed to train
2024-09-26 01:30:33,348 - INFO - Moved R01_098_V3_PS4_fixed to train
2024-09-26 01:30:33,352 - INFO - Moved R01_084_V4_PS2_fixed to train
2024-09-26 01:30:33,356 - INFO - Moved R01_041_V5_PS3_fixed to train
2024-09-26 01:30:33,360 - INFO - Moved R01_018_V5_PS1_fixed to train
2024-09-26 01:30:33,363 - INFO - Moved R01_058_V3_PS1_fixed to train
2024-09-26 01:30:33,366 - INFO - Moved R01_002_V4_PS4_fixed to train
2024-09-26 01:30:33,370 - INFO - Moved R01_133_V5_PS1_fixed to train
2024-09-26 01:30:33,373 - INFO - Moved R01_103_V3_PS4_fixed to train
2024-09-26 01:30:33,376 - INFO - Moved R01_101_V4_PS4_fixed to train
2024-09-26 01:30:33,380 - INFO - Moved R01_002_V5_PS1_fixed to val
2024-09-26 01:30:33,383 - INFO - Moved R01_006_V4_PS1_fixed to val
2024-09-26 01:30:33,386 - INFO - Moved R01_030_V3_PS4_fixed to val
2024-09-26 01:30:33,389 - INFO - Moved R01_073_V5_PS2_fixed to val
2024-09-26 01:30:33,393 - INFO - Moved R01_133_V2_PS3_fixed to val
2024-09-26 01:30:33,396 - INFO - Moved R01_036_V5_PS2_fixed to val
2024-09-26 01:30:33,399 - INFO - Moved R01_130_V5_PS4_fixed to val
2024-09-26 01:30:33,407 - INFO - Moved R01_041_V4_PS2_fixed to val
2024-09-26 01:30:33,409 - INFO - Moved R01_114_V2_PS2_fixed to val
2024-09-26 01:30:33,413 - INFO - Moved R01_068_V5_PS3_fixed to val
2024-09-26 01:30:33,415 - INFO - Moved R01_069_V2_PS1_fixed to val
2024-09-26 01:30:33,419 - INFO - Moved R01_104_V2_PS1_fixed to val
2024-09-26 01:30:33,421 - INFO - Moved R01_112_V4_PS2_fixed to val
2024-09-26 01:30:33,424 - INFO - Moved R01_078_V2_PS2_fixed to val
2024-09-26 01:30:33,427 - INFO - Moved R01_110_V5_PS4_fixed to val
2024-09-26 01:30:33,430 - INFO - Moved R01_036_V2_PS3_fixed to val
2024-09-26 01:30:33,434 - INFO - Moved R01_017_V3_PS1_fixed to val
2024-09-26 01:30:33,437 - INFO - Moved R01_113_V3_PS4_fixed to val
2024-09-26 01:30:33,440 - INFO - Moved R01_074_V4_PS2_fixed to val
2024-09-26 01:30:33,443 - INFO - Moved R01_057_V2_PS2_fixed to val
2024-09-26 01:30:33,446 - INFO - Moved R01_077_V5_PS2_fixed to val
2024-09-26 01:30:33,449 - INFO - Moved R01_122_V5_PS2_fixed to val
2024-09-26 01:30:33,452 - INFO - Moved R01_033_V5_PS2_fixed to val
2024-09-26 01:30:33,455 - INFO - Moved R01_011_V4_PS1_fixed to val
2024-09-26 01:30:33,458 - INFO - Moved R01_093_V5_PS1_fixed to val
2024-09-26 01:30:33,461 - INFO - Moved R01_084_V3_PS4_fixed to val
2024-09-26 01:30:33,463 - INFO - Moved R01_058_V4_PS2_fixed to val
2024-09-26 01:30:33,467 - INFO - Moved R01_128_V4_PS1_fixed to val
2024-09-26 01:30:33,470 - INFO - Moved R01_111_V4_PS1_fixed to val
2024-09-26 01:30:33,473 - INFO - Moved R01_051_V3_PS4_fixed to val
2024-09-26 01:30:33,476 - INFO - Moved R01_055_V5_PS3_fixed to val
2024-09-26 01:30:33,480 - INFO - Moved R01_096_V2_PS4_fixed to val
2024-09-26 01:30:33,483 - INFO - Moved R01_040_V2_PS1_fixed to val
2024-09-26 01:30:33,486 - INFO - Moved R01_077_V2_PS3_fixed to val
2024-09-26 01:30:33,489 - INFO - Moved R01_069_V5_PS2_fixed to val
2024-09-26 01:30:33,492 - INFO - Moved R01_120_V2_PS1_fixed to val
2024-09-26 01:30:33,495 - INFO - Moved R01_047_V3_PS4_fixed to val
2024-09-26 01:30:33,499 - INFO - Moved R01_125_V5_PS4_fixed to val
2024-09-26 01:30:33,504 - INFO - Moved R01_051_V4_PS1_fixed to val
2024-09-26 01:30:33,507 - INFO - Moved R01_084_V2_PS1_fixed to val
2024-09-26 01:30:33,510 - INFO - Moved R01_113_V5_PS3_fixed to val
2024-09-26 01:30:33,513 - INFO - Moved R01_031_V2_PS2_fixed to val
2024-09-26 01:30:33,516 - INFO - Moved R01_022_V3_PS3_fixed to val
2024-09-26 01:30:33,519 - INFO - Moved R01_115_V3_PS4_fixed to val
2024-09-26 01:30:33,522 - INFO - Moved R01_049_V4_PS2_fixed to val
2024-09-26 01:30:33,525 - INFO - Moved R01_033_V3_PS4_fixed to val
2024-09-26 01:30:33,528 - INFO - Moved R01_089_V4_PS2_fixed to val
2024-09-26 01:30:33,531 - INFO - Moved R01_116_V4_PS1_fixed to val
2024-09-26 01:30:33,534 - INFO - Moved R01_037_V2_PS1_fixed to val
2024-09-26 01:30:33,537 - INFO - Moved R01_056_V3_PS1_fixed to val
2024-09-26 01:30:33,540 - INFO - Moved R01_003_V3_PS4_fixed to val
2024-09-26 01:30:33,543 - INFO - Moved R01_011_V2_PS3_fixed to test
2024-09-26 01:30:33,546 - INFO - Moved R01_020_V4_PS2_fixed to test
2024-09-26 01:30:33,550 - INFO - Moved R01_056_V5_PS3_fixed to test
2024-09-26 01:30:33,553 - INFO - Moved R01_127_V3_PS2_fixed to test
2024-09-26 01:30:33,556 - INFO - Moved R01_117_V2_PS2_fixed to test
2024-09-26 01:30:33,559 - INFO - Moved R01_103_V5_PS3_fixed to test
2024-09-26 01:30:33,562 - INFO - Moved R01_096_V4_PS2_fixed to test
2024-09-26 01:30:33,564 - INFO - Moved R01_107_V5_PS1_fixed to test
2024-09-26 01:30:33,567 - INFO - Moved R01_054_V2_PS2_fixed to test
2024-09-26 01:30:33,571 - INFO - Moved R01_043_V3_PS4_fixed to test
2024-09-26 01:30:33,577 - INFO - Moved R01_039_V3_PS4_fixed to test
2024-09-26 01:30:33,580 - INFO - Moved R01_048_V3_PS3_fixed to test
2024-09-26 01:30:33,583 - INFO - Moved R01_075_V5_PS3_fixed to test
2024-09-26 01:30:33,586 - INFO - Moved R01_021_V5_PS1_fixed to test
2024-09-26 01:30:33,589 - INFO - Moved R01_124_V3_PS1_fixed to test
2024-09-26 01:30:33,592 - INFO - Moved R01_045_V4_PS1_fixed to test
2024-09-26 01:30:33,595 - INFO - Moved R01_022_V2_PS2_fixed to test
2024-09-26 01:30:33,598 - INFO - Moved R01_130_V4_PS3_fixed to test
2024-09-26 01:30:33,602 - INFO - Moved R01_035_V4_PS2_fixed to test
2024-09-26 01:30:33,604 - INFO - Moved R01_049_V2_PS4_fixed to test
2024-09-26 01:30:33,608 - INFO - Moved R01_131_V2_PS3_fixed to test
2024-09-26 01:30:33,610 - INFO - Moved R01_116_V5_PS2_fixed to test
2024-09-26 01:30:33,613 - INFO - Moved R01_114_V4_PS3_fixed to test
2024-09-26 01:30:33,618 - INFO - Moved R01_026_V2_PS2_fixed to test
2024-09-26 01:30:33,622 - INFO - Moved R01_068_V4_PS2_fixed to test
2024-09-26 01:30:33,626 - INFO - Moved R01_004_V3_PS3_fixed to test
2024-09-26 01:30:33,630 - INFO - Moved R01_028_V2_PS1_fixed to test
2024-09-26 01:30:33,633 - INFO - Moved R01_115_V5_PS2_fixed to test
2024-09-26 01:30:33,636 - INFO - Moved R01_069_V5_PS3_fixed to test
2024-09-26 01:30:33,639 - INFO - Moved R01_034_V2_PS4_fixed to test
2024-09-26 01:30:33,642 - INFO - Moved R01_078_V5_PS1_fixed to test
2024-09-26 01:30:33,645 - INFO - Moved R01_028_V3_PS4_fixed to test
2024-09-26 01:30:33,648 - INFO - Moved R01_118_V5_PS3_fixed to test
2024-09-26 01:30:33,650 - INFO - Moved R01_020_V2_PS4_fixed to test
2024-09-26 01:30:33,653 - INFO - Moved R01_026_V5_PS1_fixed to test
2024-09-26 01:30:33,656 - INFO - Moved R01_021_V3_PS3_fixed to test
2024-09-26 01:30:33,659 - INFO - Moved R01_123_V4_PS2_fixed to test
2024-09-26 01:30:33,662 - INFO - Moved R01_033_V2_PS3_fixed to test
2024-09-26 01:30:33,665 - INFO - Moved R01_040_V4_P2_fixed to test
2024-09-26 01:30:33,668 - INFO - Moved R01_106_V3_PS4_fixed to test
2024-09-26 01:30:33,671 - INFO - Moved R01_083_V5_PS3_fixed to test
2024-09-26 01:30:33,674 - INFO - Moved R01_123_V5_PS3_fixed to test
2024-09-26 01:30:33,677 - INFO - Moved R01_073_V3_PS4_fixed to test
2024-09-26 01:30:33,680 - INFO - Moved R01_058_V5_PS3_fixed to test
2024-09-26 01:30:33,683 - INFO - Moved R01_075_V2_PS1_fixed to test
2024-09-26 01:30:33,685 - INFO - Moved R01_095_V3_PS4_fixed to test
2024-09-26 01:30:33,688 - INFO - Moved R01_080_V5_PS3_fixed to test
2024-09-26 01:30:33,691 - INFO - Moved R01_026_V4_PS4_fixed to test
2024-09-26 01:30:33,693 - INFO - Moved R01_109_V3_PS3_fixed to test
2024-09-26 01:30:33,696 - INFO - Moved R01_011_V3_PS4_fixed to test
2024-09-26 01:30:33,699 - INFO - Moved R01_005_V3_PS4_fixed to test
Traceback (most recent call last):
  File "/storage/icds/RISE/sw8/anaconda/anaconda3/lib/python3.9/shutil.py", line 814, in move
    os.rename(src, real_dst)
FileNotFoundError: [Errno 2] No such file or directory: '/storage/group/klk37/default/homebytes/video/fbs/FRCNN+yolo/R01_006_V2_PS1_fixed' -> '/storage/group/klk37/default/homebytes/video/fbs/FRCNN+yolo/train/R01_006_V2_PS1_fixed'

During handling of the above exception, another exception occurred:

Traceback (most recent call last):
  File "/storage/group/klk37/default/homebytes/code/scripts/05_label_match_to_video/05_01_ROI_script.py", line 75, in <module>
    future.result()  # Raise exception if occurred
  File "/storage/icds/RISE/sw8/anaconda/anaconda3/lib/python3.9/concurrent/futures/_base.py", line 438, in result
    return self.__get_result()
  File "/storage/icds/RISE/sw8/anaconda/anaconda3/lib/python3.9/concurrent/futures/_base.py", line 390, in __get_result
    raise self._exception
  File "/storage/icds/RISE/sw8/anaconda/anaconda3/lib/python3.9/concurrent/futures/thread.py", line 52, in run
    result = self.fn(*self.args, **self.kwargs)
  File "/storage/group/klk37/default/homebytes/code/scripts/05_label_match_to_video/05_01_ROI_script.py", line 61, in move_subfolders
    shutil.move(src, dst)
  File "/storage/icds/RISE/sw8/anaconda/anaconda3/lib/python3.9/shutil.py", line 834, in move
    copy_function(src, real_dst)
  File "/storage/icds/RISE/sw8/anaconda/anaconda3/lib/python3.9/shutil.py", line 443, in copy2
    copyfile(src, dst, follow_symlinks=follow_symlinks)
  File "/storage/icds/RISE/sw8/anaconda/anaconda3/lib/python3.9/shutil.py", line 265, in copyfile
    with open(src, 'rb') as fsrc, open(dst, 'wb') as fdst:
FileNotFoundError: [Errno 2] No such file or directory: '/storage/group/klk37/default/homebytes/video/fbs/FRCNN+yolo/R01_006_V2_PS1_fixed'
